{"C:\\dev\\node\\js-patterns\\structural\\decorator\\src\\agent.js": {"path":"C:\\dev\\node\\js-patterns\\structural\\decorator\\src\\agent.js","all":false,"statementMap":{"0":{"start":{"line":1,"column":0},"end":{"line":1,"column":24}},"1":{"start":{"line":2,"column":0},"end":{"line":2,"column":0}},"2":{"start":{"line":3,"column":0},"end":{"line":3,"column":38}},"3":{"start":{"line":4,"column":0},"end":{"line":4,"column":45}},"4":{"start":{"line":5,"column":0},"end":{"line":5,"column":51}},"5":{"start":{"line":6,"column":0},"end":{"line":6,"column":34}},"6":{"start":{"line":7,"column":0},"end":{"line":7,"column":0}},"7":{"start":{"line":8,"column":0},"end":{"line":8,"column":29}},"8":{"start":{"line":9,"column":0},"end":{"line":9,"column":58}},"9":{"start":{"line":10,"column":0},"end":{"line":10,"column":5}},"10":{"start":{"line":11,"column":0},"end":{"line":11,"column":0}},"11":{"start":{"line":12,"column":0},"end":{"line":12,"column":37}},"12":{"start":{"line":13,"column":0},"end":{"line":13,"column":4}},"13":{"start":{"line":14,"column":0},"end":{"line":14,"column":1}},"14":{"start":{"line":15,"column":0},"end":{"line":15,"column":0}},"15":{"start":{"line":16,"column":0},"end":{"line":16,"column":31}}},"s":{"0":1,"1":1,"2":1,"3":1,"4":1,"5":1,"6":1,"7":1,"8":1,"9":1,"10":1,"11":1,"12":1,"13":1,"14":1,"15":1},"branchMap":{"0":{"type":"branch","line":1,"loc":{"start":{"line":1,"column":0},"end":{"line":9,"column":41}},"locations":[{"start":{"line":1,"column":0},"end":{"line":9,"column":41}}]},"1":{"type":"branch","line":3,"loc":{"start":{"line":3,"column":15},"end":{"line":9,"column":20}},"locations":[{"start":{"line":3,"column":15},"end":{"line":9,"column":20}}]}},"b":{"0":[1],"1":[1]},"fnMap":{"0":{"name":"InjectHttpDecorator","decl":{"start":{"line":1,"column":0},"end":{"line":9,"column":41}},"loc":{"start":{"line":1,"column":0},"end":{"line":9,"column":41}},"line":1},"1":{"name":"InjectHttpDecorator.Http.Server.emit","decl":{"start":{"line":3,"column":15},"end":{"line":9,"column":20}},"loc":{"start":{"line":3,"column":15},"end":{"line":9,"column":20}},"line":3}},"f":{"0":1,"1":1}}
}
